<?xml version="1.0" encoding="UTF-8"?>
<!-- Generated by org.testng.reporters.JUnitReportReporter -->
<testsuite hostname="EGCA1-0091" failures="0" tests="1" name="test_cases.E2E_Drag_Drop" time="14.238" errors="0" timestamp="2022-07-24T14:52:28 EET" skipped="0">
  <testcase classname="test_cases.E2E_Drag_Drop" name="checkDragDrop" time="14.238"/>
  <system-out/>
</testsuite> <!-- test_cases.E2E_Drag_Drop -->
